<?xml version="1.0" encoding="UTF-8"?>
<testng-results skipped="0" failed="0" total="1" passed="1">
  <reporter-output>
  </reporter-output>
  <suite name="Surefire suite" duration-ms="103" started-at="2019-06-07T23:13:46Z" finished-at="2019-06-07T23:13:46Z">
    <groups>
    </groups>
    <test name="Surefire test" duration-ms="103" started-at="2019-06-07T23:13:46Z" finished-at="2019-06-07T23:13:46Z">
      <class name="com.mycompany.calculator.jsf.maven.BasicTest">
        <test-method status="PASS" signature="testAdd()[pri:0, instance:testAdd(com.mycompany.calculator.jsf.maven.BasicTest)]" name="testAdd" duration-ms="6" started-at="2019-06-08T01:13:46Z" finished-at="2019-06-08T01:13:46Z">
          <reporter-output>
          </reporter-output>
        </test-method> <!-- testAdd -->
      </class> <!-- com.mycompany.calculator.jsf.maven.BasicTest -->
    </test> <!-- Surefire test -->
  </suite> <!-- Surefire suite -->
</testng-results>
